2024-03-17T15:32:17.271-0300 [DEBUG] [org.gradle.launcher.daemon.bootstrap.DaemonMain] Assuming the daemon was started with following jvm opts: [--add-opens=java.base/java.util=ALL-UNNAMED, --add-opens=java.base/java.lang=ALL-UNNAMED, --add-opens=java.base/java.lang.invoke=ALL-UNNAMED, --add-opens=java.prefs/java.util.prefs=ALL-UNNAMED, --add-opens=java.base/java.nio.charset=ALL-UNNAMED, --add-opens=java.base/java.net=ALL-UNNAMED, --add-opens=java.base/java.util.concurrent.atomic=ALL-UNNAMED, -XX:MaxMetaspaceSize=384m, -XX:+HeapDumpOnOutOfMemoryError, -Xms256m, -Xmx512m, -Dfile.encoding=UTF-8, -Duser.country=PT, -Duser.language=pt, -Duser.variant]
2024-03-17T15:32:17.459-0300 [INFO] [org.gradle.launcher.daemon.server.Daemon] start() called on daemon - DefaultDaemonContext[uid=f06b169e-7dab-4136-bccd-5b622479db88,javaHome=/usr/lib/jvm/java-17-openjdk-amd64,daemonRegistryDir=/home/mateusmacedo/projetos/java/Desafio-Transferencia-Contas/gradle/daemon,pid=116835,idleTimeout=10800000,priority=NORMAL,applyInstrumentationAgent=true,daemonOpts=--add-opens=java.base/java.util=ALL-UNNAMED,--add-opens=java.base/java.lang=ALL-UNNAMED,--add-opens=java.base/java.lang.invoke=ALL-UNNAMED,--add-opens=java.prefs/java.util.prefs=ALL-UNNAMED,--add-opens=java.base/java.nio.charset=ALL-UNNAMED,--add-opens=java.base/java.net=ALL-UNNAMED,--add-opens=java.base/java.util.concurrent.atomic=ALL-UNNAMED,-XX:MaxMetaspaceSize=384m,-XX:+HeapDumpOnOutOfMemoryError,-Xms256m,-Xmx512m,-Dfile.encoding=UTF-8,-Duser.country=PT,-Duser.language=pt,-Duser.variant]
2024-03-17T15:32:17.516-0300 [DEBUG] [org.gradle.internal.remote.internal.inet.InetAddresses] Adding IP addresses for network interface vethcf3eb99
2024-03-17T15:32:17.517-0300 [DEBUG] [org.gradle.internal.remote.internal.inet.InetAddresses] Is this a loopback interface? false
2024-03-17T15:32:17.517-0300 [DEBUG] [org.gradle.internal.remote.internal.inet.InetAddresses] Adding remote address /fe80:0:0:0:1039:4ff:fe81:1fd5%vethcf3eb99
2024-03-17T15:32:17.517-0300 [DEBUG] [org.gradle.internal.remote.internal.inet.InetAddresses] Adding IP addresses for network interface br-47ea614684a8
2024-03-17T15:32:17.517-0300 [DEBUG] [org.gradle.internal.remote.internal.inet.InetAddresses] Is this a loopback interface? false
2024-03-17T15:32:17.518-0300 [DEBUG] [org.gradle.internal.remote.internal.inet.InetAddresses] Adding remote address /fe80:0:0:0:42:ebff:fec0:e252%br-47ea614684a8
2024-03-17T15:32:17.518-0300 [DEBUG] [org.gradle.internal.remote.internal.inet.InetAddresses] Adding remote address /172.24.0.1
2024-03-17T15:32:17.518-0300 [DEBUG] [org.gradle.internal.remote.internal.inet.InetAddresses] Adding IP addresses for network interface br-c2cd0f842f7e
2024-03-17T15:32:17.518-0300 [DEBUG] [org.gradle.internal.remote.internal.inet.InetAddresses] Is this a loopback interface? false
2024-03-17T15:32:17.519-0300 [DEBUG] [org.gradle.internal.remote.internal.inet.InetAddresses] Adding remote address /172.19.0.1
2024-03-17T15:32:17.519-0300 [DEBUG] [org.gradle.internal.remote.internal.inet.InetAddresses] Adding IP addresses for network interface br-b6dbf68e4028
2024-03-17T15:32:17.519-0300 [DEBUG] [org.gradle.internal.remote.internal.inet.InetAddresses] Is this a loopback interface? false
2024-03-17T15:32:17.519-0300 [DEBUG] [org.gradle.internal.remote.internal.inet.InetAddresses] Adding remote address /172.20.0.1
2024-03-17T15:32:17.519-0300 [DEBUG] [org.gradle.internal.remote.internal.inet.InetAddresses] Adding IP addresses for network interface br-a929647a9037
2024-03-17T15:32:17.520-0300 [DEBUG] [org.gradle.internal.remote.internal.inet.InetAddresses] Is this a loopback interface? false
2024-03-17T15:32:17.520-0300 [DEBUG] [org.gradle.internal.remote.internal.inet.InetAddresses] Adding remote address /172.21.0.1
2024-03-17T15:32:17.520-0300 [DEBUG] [org.gradle.internal.remote.internal.inet.InetAddresses] Adding IP addresses for network interface docker0
2024-03-17T15:32:17.520-0300 [DEBUG] [org.gradle.internal.remote.internal.inet.InetAddresses] Is this a loopback interface? false
2024-03-17T15:32:17.521-0300 [DEBUG] [org.gradle.internal.remote.internal.inet.InetAddresses] Adding remote address /fe80:0:0:0:42:b5ff:fe5a:3c61%docker0
2024-03-17T15:32:17.521-0300 [DEBUG] [org.gradle.internal.remote.internal.inet.InetAddresses] Adding remote address /172.17.0.1
2024-03-17T15:32:17.521-0300 [DEBUG] [org.gradle.internal.remote.internal.inet.InetAddresses] Adding IP addresses for network interface br-54744ba4d84f
2024-03-17T15:32:17.521-0300 [DEBUG] [org.gradle.internal.remote.internal.inet.InetAddresses] Is this a loopback interface? false
2024-03-17T15:32:17.521-0300 [DEBUG] [org.gradle.internal.remote.internal.inet.InetAddresses] Adding remote address /172.18.0.1
2024-03-17T15:32:17.521-0300 [DEBUG] [org.gradle.internal.remote.internal.inet.InetAddresses] Adding IP addresses for network interface br-24d8844987f4
2024-03-17T15:32:17.522-0300 [DEBUG] [org.gradle.internal.remote.internal.inet.InetAddresses] Is this a loopback interface? false
2024-03-17T15:32:17.522-0300 [DEBUG] [org.gradle.internal.remote.internal.inet.InetAddresses] Adding remote address /fe80:0:0:0:42:c8ff:fe72:2119%br-24d8844987f4
2024-03-17T15:32:17.522-0300 [DEBUG] [org.gradle.internal.remote.internal.inet.InetAddresses] Adding remote address /172.22.0.1
2024-03-17T15:32:17.522-0300 [DEBUG] [org.gradle.internal.remote.internal.inet.InetAddresses] Adding IP addresses for network interface br-f10266253a84
2024-03-17T15:32:17.522-0300 [DEBUG] [org.gradle.internal.remote.internal.inet.InetAddresses] Is this a loopback interface? false
2024-03-17T15:32:17.522-0300 [DEBUG] [org.gradle.internal.remote.internal.inet.InetAddresses] Adding remote address /fe80:0:0:0:42:5eff:fed8:e297%br-f10266253a84
2024-03-17T15:32:17.523-0300 [DEBUG] [org.gradle.internal.remote.internal.inet.InetAddresses] Adding remote address /172.23.0.1
2024-03-17T15:32:17.523-0300 [DEBUG] [org.gradle.internal.remote.internal.inet.InetAddresses] Adding IP addresses for network interface wlo1
2024-03-17T15:32:17.523-0300 [DEBUG] [org.gradle.internal.remote.internal.inet.InetAddresses] Is this a loopback interface? false
2024-03-17T15:32:17.523-0300 [DEBUG] [org.gradle.internal.remote.internal.inet.InetAddresses] Adding remote address /fe80:0:0:0:c298:2adb:7c2a:c3f8%wlo1
2024-03-17T15:32:17.523-0300 [DEBUG] [org.gradle.internal.remote.internal.inet.InetAddresses] Adding remote address /192.168.0.118
2024-03-17T15:32:17.523-0300 [DEBUG] [org.gradle.internal.remote.internal.inet.InetAddresses] Adding IP addresses for network interface lo
2024-03-17T15:32:17.523-0300 [DEBUG] [org.gradle.internal.remote.internal.inet.InetAddresses] Is this a loopback interface? true
2024-03-17T15:32:17.524-0300 [DEBUG] [org.gradle.internal.remote.internal.inet.InetAddresses] Adding loopback address /0:0:0:0:0:0:0:1%lo
2024-03-17T15:32:17.524-0300 [DEBUG] [org.gradle.internal.remote.internal.inet.InetAddresses] Adding loopback address /127.0.0.1
2024-03-17T15:32:17.528-0300 [DEBUG] [org.gradle.internal.remote.internal.inet.TcpIncomingConnector] Listening on [22d5d58f-dbb5-46f3-9a2f-c7d422ebde91 port:33197, addresses:[localhost/127.0.0.1]].
2024-03-17T15:32:17.557-0300 [DEBUG] [org.gradle.launcher.daemon.server.Daemon] Daemon starting at: Sun Mar 17 15:32:17 BRT 2024, with address: [22d5d58f-dbb5-46f3-9a2f-c7d422ebde91 port:33197, addresses:[localhost/127.0.0.1]]
2024-03-17T15:32:17.558-0300 [INFO] [org.gradle.launcher.daemon.server.DaemonRegistryUpdater] Advertising the daemon address to the clients: [22d5d58f-dbb5-46f3-9a2f-c7d422ebde91 port:33197, addresses:[localhost/127.0.0.1]]
2024-03-17T15:32:17.558-0300 [DEBUG] [org.gradle.launcher.daemon.server.DaemonRegistryUpdater] Advertised daemon context: DefaultDaemonContext[uid=f06b169e-7dab-4136-bccd-5b622479db88,javaHome=/usr/lib/jvm/java-17-openjdk-amd64,daemonRegistryDir=/home/mateusmacedo/projetos/java/Desafio-Transferencia-Contas/gradle/daemon,pid=116835,idleTimeout=10800000,priority=NORMAL,applyInstrumentationAgent=true,daemonOpts=--add-opens=java.base/java.util=ALL-UNNAMED,--add-opens=java.base/java.lang=ALL-UNNAMED,--add-opens=java.base/java.lang.invoke=ALL-UNNAMED,--add-opens=java.prefs/java.util.prefs=ALL-UNNAMED,--add-opens=java.base/java.nio.charset=ALL-UNNAMED,--add-opens=java.base/java.net=ALL-UNNAMED,--add-opens=java.base/java.util.concurrent.atomic=ALL-UNNAMED,-XX:MaxMetaspaceSize=384m,-XX:+HeapDumpOnOutOfMemoryError,-Xms256m,-Xmx512m,-Dfile.encoding=UTF-8,-Duser.country=PT,-Duser.language=pt,-Duser.variant]
2024-03-17T15:32:17.559-0300 [DEBUG] [org.gradle.launcher.daemon.registry.PersistentDaemonRegistry] Storing daemon address: [22d5d58f-dbb5-46f3-9a2f-c7d422ebde91 port:33197, addresses:[localhost/127.0.0.1]], context: DefaultDaemonContext[uid=f06b169e-7dab-4136-bccd-5b622479db88,javaHome=/usr/lib/jvm/java-17-openjdk-amd64,daemonRegistryDir=/home/mateusmacedo/projetos/java/Desafio-Transferencia-Contas/gradle/daemon,pid=116835,idleTimeout=10800000,priority=NORMAL,applyInstrumentationAgent=true,daemonOpts=--add-opens=java.base/java.util=ALL-UNNAMED,--add-opens=java.base/java.lang=ALL-UNNAMED,--add-opens=java.base/java.lang.invoke=ALL-UNNAMED,--add-opens=java.prefs/java.util.prefs=ALL-UNNAMED,--add-opens=java.base/java.nio.charset=ALL-UNNAMED,--add-opens=java.base/java.net=ALL-UNNAMED,--add-opens=java.base/java.util.concurrent.atomic=ALL-UNNAMED,-XX:MaxMetaspaceSize=384m,-XX:+HeapDumpOnOutOfMemoryError,-Xms256m,-Xmx512m,-Dfile.encoding=UTF-8,-Duser.country=PT,-Duser.language=pt,-Duser.variant]
2024-03-17T15:32:17.574-0300 [DEBUG] [org.gradle.cache.internal.DefaultFileLockManager] Waiting to acquire exclusive lock on daemon addresses registry.
2024-03-17T15:32:17.578-0300 [DEBUG] [org.gradle.cache.internal.DefaultFileLockManager] Lock acquired on daemon addresses registry.
2024-03-17T15:32:17.583-0300 [DEBUG] [org.gradle.cache.internal.DefaultFileLockManager] Releasing lock on daemon addresses registry.
2024-03-17T15:32:17.583-0300 [LIFECYCLE] [org.gradle.launcher.daemon.server.Daemon] Daemon server started.
2024-03-17T15:32:17.585-0300 [DEBUG] [org.gradle.launcher.daemon.bootstrap.DaemonStartupCommunication] Completed writing the daemon greeting. Closing streams...
2024-03-17T15:32:17.591-0300 [DEBUG] [org.gradle.launcher.daemon.server.Daemon] stopOnExpiration() called on daemon
2024-03-17T15:32:17.592-0300 [DEBUG] [org.gradle.launcher.daemon.server.Daemon] awaitExpiration() called on daemon
2024-03-17T15:32:17.592-0300 [DEBUG] [org.gradle.launcher.daemon.server.DaemonStateCoordinator] daemon is running. Sleeping until state changes.
2024-03-17T15:32:17.593-0300 [DEBUG] [org.gradle.internal.remote.internal.inet.TcpIncomingConnector] Accepted connection from /127.0.0.1:59694 to /127.0.0.1:33197.
2024-03-17T15:32:17.660-0300 [DEBUG] [org.gradle.launcher.daemon.server.SynchronizedDispatchConnection] thread 20: received class org.gradle.launcher.daemon.protocol.Build
2024-03-17T15:32:17.660-0300 [DEBUG] [org.gradle.launcher.daemon.server.DefaultDaemonConnection] thread 20: Received non-IO message from client: Build{id=181155be-1cd7-4962-a0cc-3caa81add7e3, currentDir=/home/mateusmacedo/projetos/java/Desafio-Transferencia-Contas}
2024-03-17T15:32:17.661-0300 [INFO] [org.gradle.launcher.daemon.server.DefaultIncomingConnectionHandler] Received command: Build{id=181155be-1cd7-4962-a0cc-3caa81add7e3, currentDir=/home/mateusmacedo/projetos/java/Desafio-Transferencia-Contas}.
2024-03-17T15:32:17.661-0300 [DEBUG] [org.gradle.launcher.daemon.server.DefaultIncomingConnectionHandler] Starting executing command: Build{id=181155be-1cd7-4962-a0cc-3caa81add7e3, currentDir=/home/mateusmacedo/projetos/java/Desafio-Transferencia-Contas} with connection: socket connection from /127.0.0.1:33197 to /127.0.0.1:59694.
2024-03-17T15:32:17.664-0300 [DEBUG] [org.gradle.launcher.daemon.server.DaemonStateCoordinator] Command execution: started DaemonCommandExecution[command = Build{id=181155be-1cd7-4962-a0cc-3caa81add7e3, currentDir=/home/mateusmacedo/projetos/java/Desafio-Transferencia-Contas}, connection = DefaultDaemonConnection: socket connection from /127.0.0.1:33197 to /127.0.0.1:59694] after 0.0 minutes of idle
2024-03-17T15:32:17.666-0300 [INFO] [org.gradle.launcher.daemon.server.DaemonRegistryUpdater] Marking the daemon as busy, address: [22d5d58f-dbb5-46f3-9a2f-c7d422ebde91 port:33197, addresses:[localhost/127.0.0.1]]
2024-03-17T15:32:17.666-0300 [DEBUG] [org.gradle.launcher.daemon.registry.PersistentDaemonRegistry] Marking busy by address: [22d5d58f-dbb5-46f3-9a2f-c7d422ebde91 port:33197, addresses:[localhost/127.0.0.1]]
2024-03-17T15:32:17.667-0300 [DEBUG] [org.gradle.cache.internal.DefaultFileLockManager] Waiting to acquire exclusive lock on daemon addresses registry.
2024-03-17T15:32:17.667-0300 [DEBUG] [org.gradle.cache.internal.DefaultFileLockManager] Lock acquired on daemon addresses registry.
2024-03-17T15:32:17.668-0300 [DEBUG] [org.gradle.cache.internal.DefaultFileLockManager] Releasing lock on daemon addresses registry.
2024-03-17T15:32:17.668-0300 [DEBUG] [org.gradle.launcher.daemon.server.DaemonStateCoordinator] resetting idle timer
2024-03-17T15:32:17.668-0300 [DEBUG] [org.gradle.launcher.daemon.server.DaemonStateCoordinator] daemon is running. Sleeping until state changes.
2024-03-17T15:32:17.669-0300 [INFO] [org.gradle.launcher.daemon.server.exec.StartBuildOrRespondWithBusy] Daemon is about to start building Build{id=181155be-1cd7-4962-a0cc-3caa81add7e3, currentDir=/home/mateusmacedo/projetos/java/Desafio-Transferencia-Contas}. Dispatching build started information...
2024-03-17T15:32:17.670-0300 [DEBUG] [org.gradle.launcher.daemon.server.SynchronizedDispatchConnection] thread 22: dispatching org.gradle.launcher.daemon.protocol.BuildStarted@7b9c0917
2024-03-17T15:32:17.672-0300 [DEBUG] [org.gradle.launcher.daemon.server.SynchronizedDispatchConnection] thread 20: received class org.gradle.launcher.daemon.protocol.CloseInput
2024-03-17T15:32:17.673-0300 [DEBUG] [org.gradle.launcher.daemon.server.DefaultDaemonConnection] thread 20: Received IO message from client: org.gradle.launcher.daemon.protocol.CloseInput@2b4a7b2e
2024-03-17T15:32:17.673-0300 [DEBUG] [org.gradle.launcher.daemon.server.exec.EstablishBuildEnvironment] Configuring env variables: [PATH, XAUTHORITY, INVOCATION_ID, LC_MEASUREMENT, XMODIFIERS, LC_TELEPHONE, GDMSESSION, XDG_DATA_DIRS, LC_TIME, SNAP_COMMON, SNAP_INSTANCE_KEY, DBUS_SESSION_BUS_ADDRESS, SNAP_USER_COMMON, SNAP_REVISION, XDG_CURRENT_DESKTOP, JOURNAL_STREAM, LC_PAPER, USERNAME, SESSION_MANAGER, LOGNAME, PWD, MANAGERPID, IM_CONFIG_PHASE, SNAP_UID, LANGUAGE, GJS_DEBUG_TOPICS, SHELL, LC_ADDRESS, GIO_LAUNCHED_DESKTOP_FILE, BAMF_DESKTOP_FILE_HINT, GNOME_DESKTOP_SESSION_ID, GTK_MODULES, SNAP_ARCH, SYSTEMD_EXEC_PID, GNOME_SETUP_DISPLAY, SNAP_LIBRARY_PATH, XDG_SESSION_DESKTOP, SSH_AGENT_LAUNCHER, SHLVL, LC_IDENTIFICATION, SNAP_EUID, LC_MONETARY, SNAP_NAME, QT_IM_MODULE, XDG_CONFIG_DIRS, LANG, SNAP_INSTANCE_NAME, XDG_SESSION_TYPE, SNAP_USER_DATA, DISPLAY, SNAP_REEXEC, WAYLAND_DISPLAY, SNAP_VERSION, LC_NAME, _, XDG_SESSION_CLASS, SNAP_DATA, DESKTOP_SESSION, SNAP, USER, SNAP_REAL_HOME, XDG_MENU_PREFIX, GIO_LAUNCHED_DESKTOP_FILE_PID, QT_ACCESSIBILITY, GJS_DEBUG_OUTPUT, LC_NUMERIC, SSH_AUTH_SOCK, GNOME_SHELL_SESSION_MODE, SNAP_CONTEXT, XDG_RUNTIME_DIR, HOME, SNAP_COOKIE]
2024-03-17T15:32:17.677-0300 [DEBUG] [org.gradle.launcher.daemon.server.exec.LogToClient] About to start relaying all logs to the client via the connection.
2024-03-17T15:32:17.677-0300 [INFO] [org.gradle.launcher.daemon.server.exec.LogToClient] The client will now receive all logging from the daemon (pid: 116835). The daemon log file: /home/mateusmacedo/projetos/java/Desafio-Transferencia-Contas/gradle/daemon/8.5/daemon-116835.out.log
2024-03-17T15:32:17.679-0300 [INFO] [org.gradle.launcher.daemon.server.exec.LogAndCheckHealth] Starting build in new daemon [memory: 512 MiB]
2024-03-17T15:32:17.679-0300 [INFO] [org.gradle.launcher.daemon.server.exec.ForwardClientInput] Closing daemon's stdin at end of input.
2024-03-17T15:32:17.679-0300 [INFO] [org.gradle.launcher.daemon.server.exec.ForwardClientInput] The daemon will no longer process any standard input.
2024-03-17T15:32:17.681-0300 [DEBUG] [org.gradle.launcher.daemon.server.exec.ExecuteBuild] The daemon has started executing the build.
2024-03-17T15:32:17.681-0300 [DEBUG] [org.gradle.launcher.daemon.server.exec.ExecuteBuild] Executing build with daemon context: DefaultDaemonContext[uid=f06b169e-7dab-4136-bccd-5b622479db88,javaHome=/usr/lib/jvm/java-17-openjdk-amd64,daemonRegistryDir=/home/mateusmacedo/projetos/java/Desafio-Transferencia-Contas/gradle/daemon,pid=116835,idleTimeout=10800000,priority=NORMAL,applyInstrumentationAgent=true,daemonOpts=--add-opens=java.base/java.util=ALL-UNNAMED,--add-opens=java.base/java.lang=ALL-UNNAMED,--add-opens=java.base/java.lang.invoke=ALL-UNNAMED,--add-opens=java.prefs/java.util.prefs=ALL-UNNAMED,--add-opens=java.base/java.nio.charset=ALL-UNNAMED,--add-opens=java.base/java.net=ALL-UNNAMED,--add-opens=java.base/java.util.concurrent.atomic=ALL-UNNAMED,-XX:MaxMetaspaceSize=384m,-XX:+HeapDumpOnOutOfMemoryError,-Xms256m,-Xmx512m,-Dfile.encoding=UTF-8,-Duser.country=PT,-Duser.language=pt,-Duser.variant]

BUILD SUCCESSFUL in 2m 39s
2024-03-17T15:34:51.944-0300 [DEBUG] [org.gradle.launcher.daemon.server.exec.ExecuteBuild] The daemon has finished executing the build.
2024-03-17T15:34:51.952-0300 [DEBUG] [org.gradle.launcher.daemon.server.DaemonStateCoordinator] daemon is running. Sleeping until state changes.
2024-03-17T15:34:51.954-0300 [DEBUG] [org.gradle.launcher.daemon.server.DaemonStateCoordinator] Command execution: finished waiting for DaemonCommandExecution[command = Build{id=181155be-1cd7-4962-a0cc-3caa81add7e3, currentDir=/home/mateusmacedo/projetos/java/Desafio-Transferencia-Contas}, connection = DefaultDaemonConnection: socket connection from /127.0.0.1:33197 to /127.0.0.1:59694]. Result org.gradle.launcher.daemon.server.DaemonStateCoordinator@74b052cd with state Busy
2024-03-17T15:34:51.954-0300 [DEBUG] [org.gradle.launcher.daemon.server.DaemonStateCoordinator] Command execution: completed DaemonCommandExecution[command = Build{id=181155be-1cd7-4962-a0cc-3caa81add7e3, currentDir=/home/mateusmacedo/projetos/java/Desafio-Transferencia-Contas}, connection = DefaultDaemonConnection: socket connection from /127.0.0.1:33197 to /127.0.0.1:59694]
2024-03-17T15:34:51.954-0300 [DEBUG] [org.gradle.launcher.daemon.server.DaemonStateCoordinator] resetting idle timer
2024-03-17T15:34:51.955-0300 [INFO] [org.gradle.launcher.daemon.server.DaemonRegistryUpdater] Marking the daemon as idle, address: [22d5d58f-dbb5-46f3-9a2f-c7d422ebde91 port:33197, addresses:[localhost/127.0.0.1]]
2024-03-17T15:34:51.955-0300 [DEBUG] [org.gradle.launcher.daemon.registry.PersistentDaemonRegistry] Marking busy by address: [22d5d58f-dbb5-46f3-9a2f-c7d422ebde91 port:33197, addresses:[localhost/127.0.0.1]]
2024-03-17T15:34:51.955-0300 [DEBUG] [org.gradle.cache.internal.DefaultFileLockManager] Waiting to acquire exclusive lock on daemon addresses registry.
2024-03-17T15:34:51.955-0300 [DEBUG] [org.gradle.cache.internal.DefaultFileLockManager] Lock acquired on daemon addresses registry.
2024-03-17T15:34:51.955-0300 [DEBUG] [org.gradle.cache.internal.DefaultFileLockManager] Releasing lock on daemon addresses registry.
2024-03-17T15:34:51.956-0300 [DEBUG] [org.gradle.launcher.daemon.server.DaemonStateCoordinator] daemon is running. Sleeping until state changes.
2024-03-17T15:34:51.956-0300 [DEBUG] [org.gradle.launcher.daemon.server.exec.ReturnResult] Daemon is dispatching the build result: Success[value=org.gradle.launcher.exec.BuildActionResult@6efddf06]
2024-03-17T15:34:51.956-0300 [DEBUG] [org.gradle.launcher.daemon.server.SynchronizedDispatchConnection] thread 19: dispatching Success[value=org.gradle.launcher.exec.BuildActionResult@6efddf06]
2024-03-17T15:34:51.961-0300 [DEBUG] [org.gradle.launcher.daemon.server.DefaultIncomingConnectionHandler] Finishing executing command: Build{id=181155be-1cd7-4962-a0cc-3caa81add7e3, currentDir=/home/mateusmacedo/projetos/java/Desafio-Transferencia-Contas}
2024-03-17T15:34:51.967-0300 [DEBUG] [org.gradle.launcher.daemon.server.SynchronizedDispatchConnection] thread 20: received class org.gradle.launcher.daemon.protocol.Finished
2024-03-17T15:34:51.967-0300 [DEBUG] [org.gradle.launcher.daemon.server.DefaultDaemonConnection] thread 20: Received non-IO message from client: org.gradle.launcher.daemon.protocol.Finished@2157639e
2024-03-17T15:34:51.967-0300 [DEBUG] [org.gradle.launcher.daemon.server.DefaultIncomingConnectionHandler] Received finished message: org.gradle.launcher.daemon.protocol.Finished@2157639e
2024-03-17T15:34:51.967-0300 [DEBUG] [org.gradle.launcher.daemon.server.SynchronizedDispatchConnection] thread 19: stopping connection
2024-03-17T15:34:51.968-0300 [DEBUG] [org.gradle.internal.remote.internal.inet.SocketConnection] Discarding EOFException: java.io.EOFException
2024-03-17T15:34:51.968-0300 [DEBUG] [org.gradle.launcher.daemon.server.SynchronizedDispatchConnection] thread 20: received null
2024-03-17T15:34:51.968-0300 [DEBUG] [org.gradle.launcher.daemon.server.DefaultDaemonConnection] thread 20: Received end-of-input from client.
2024-03-17T15:34:51.968-0300 [DEBUG] [org.gradle.launcher.daemon.server.SynchronizedDispatchConnection] thread 19: stopping connection
2024-03-17T15:34:54.154-0300 [DEBUG] [org.gradle.cache.internal.LockOnDemandCrossProcessCacheAccess] Lock on artifact cache (/home/mateusmacedo/projetos/java/Desafio-Transferencia-Contas/gradle/caches/modules-2) requested by another process - releasing lock.
2024-03-17T15:34:54.154-0300 [DEBUG] [org.gradle.cache.internal.LockOnDemandCrossProcessCacheAccess] Releasing file lock for artifact cache (/home/mateusmacedo/projetos/java/Desafio-Transferencia-Contas/gradle/caches/modules-2)
2024-03-17T15:34:54.154-0300 [DEBUG] [org.gradle.cache.internal.btree.BTreePersistentIndexedCache] Closing cache module-artifact.bin (/home/mateusmacedo/projetos/java/Desafio-Transferencia-Contas/gradle/caches/modules-2/metadata-2.106/module-artifact.bin)
2024-03-17T15:34:54.155-0300 [DEBUG] [org.gradle.cache.internal.btree.BTreePersistentIndexedCache] Closing cache resource-at-url.bin (/home/mateusmacedo/projetos/java/Desafio-Transferencia-Contas/gradle/caches/modules-2/metadata-2.106/resource-at-url.bin)
2024-03-17T15:34:54.155-0300 [DEBUG] [org.gradle.cache.internal.btree.BTreePersistentIndexedCache] Closing cache module-metadata.bin (/home/mateusmacedo/projetos/java/Desafio-Transferencia-Contas/gradle/caches/modules-2/metadata-2.106/module-metadata.bin)
2024-03-17T15:34:54.155-0300 [DEBUG] [org.gradle.cache.internal.DefaultFileLockManager] Releasing lock on artifact cache (/home/mateusmacedo/projetos/java/Desafio-Transferencia-Contas/gradle/caches/modules-2).
2024-03-17T15:34:54.155-0300 [DEBUG] [org.gradle.cache.internal.locklistener.FileLockCommunicator] Confirming lock release to Gradle process at port 46512 for lock with id -7558969952969015047.
2024-03-17T15:34:54.155-0300 [DEBUG] [org.gradle.cache.internal.locklistener.FileLockCommunicator] Confirming lock release to Gradle process at port 46512 for lock with id -7558969952969015047.
2024-03-17T15:34:54.192-0300 [DEBUG] [org.gradle.cache.internal.LockOnDemandCrossProcessCacheAccess] Lock on journal cache (/home/mateusmacedo/projetos/java/Desafio-Transferencia-Contas/gradle/caches/journal-1) requested by another process - releasing lock.
2024-03-17T15:34:54.193-0300 [DEBUG] [org.gradle.cache.internal.LockOnDemandCrossProcessCacheAccess] Releasing file lock for journal cache (/home/mateusmacedo/projetos/java/Desafio-Transferencia-Contas/gradle/caches/journal-1)
2024-03-17T15:34:54.193-0300 [DEBUG] [org.gradle.cache.internal.btree.BTreePersistentIndexedCache] Closing cache file-access.bin (/home/mateusmacedo/projetos/java/Desafio-Transferencia-Contas/gradle/caches/journal-1/file-access.bin)
2024-03-17T15:34:54.193-0300 [DEBUG] [org.gradle.cache.internal.DefaultFileLockManager] Releasing lock on journal cache (/home/mateusmacedo/projetos/java/Desafio-Transferencia-Contas/gradle/caches/journal-1).
2024-03-17T15:34:54.193-0300 [DEBUG] [org.gradle.cache.internal.locklistener.FileLockCommunicator] Confirming lock release to Gradle process at port 46512 for lock with id -156040144252458703.
2024-03-17T15:34:54.193-0300 [DEBUG] [org.gradle.cache.internal.locklistener.FileLockCommunicator] Confirming lock release to Gradle process at port 46512 for lock with id -156040144252458703.
2024-03-17T15:34:57.592-0300 [DEBUG] [org.gradle.cache.internal.DefaultFileLockManager] Waiting to acquire shared lock on daemon addresses registry.
2024-03-17T15:34:57.620-0300 [DEBUG] [org.gradle.cache.internal.DefaultFileLockManager] Lock acquired on daemon addresses registry.
2024-03-17T15:34:57.622-0300 [DEBUG] [org.gradle.cache.internal.DefaultFileLockManager] Releasing lock on daemon addresses registry.
2024-03-17T15:34:57.633-0300 [DEBUG] [org.gradle.cache.internal.DefaultFileLockManager] Waiting to acquire shared lock on daemon addresses registry.
2024-03-17T15:34:57.633-0300 [DEBUG] [org.gradle.cache.internal.DefaultFileLockManager] Lock acquired on daemon addresses registry.
2024-03-17T15:34:57.634-0300 [DEBUG] [org.gradle.cache.internal.DefaultFileLockManager] Releasing lock on daemon addresses registry.
2024-03-17T15:35:07.592-0300 [DEBUG] [org.gradle.cache.internal.DefaultFileLockManager] Waiting to acquire shared lock on daemon addresses registry.
2024-03-17T15:35:07.592-0300 [DEBUG] [org.gradle.cache.internal.DefaultFileLockManager] Lock acquired on daemon addresses registry.
2024-03-17T15:35:07.592-0300 [DEBUG] [org.gradle.cache.internal.DefaultFileLockManager] Releasing lock on daemon addresses registry.
2024-03-17T15:35:07.595-0300 [DEBUG] [org.gradle.cache.internal.DefaultFileLockManager] Waiting to acquire shared lock on daemon addresses registry.
2024-03-17T15:35:07.597-0300 [DEBUG] [org.gradle.cache.internal.DefaultFileLockManager] Lock acquired on daemon addresses registry.
2024-03-17T15:35:07.597-0300 [DEBUG] [org.gradle.cache.internal.DefaultFileLockManager] Releasing lock on daemon addresses registry.
2024-03-17T15:35:07.598-0300 [DEBUG] [org.gradle.cache.internal.DefaultFileLockManager] Waiting to acquire shared lock on daemon addresses registry.
2024-03-17T15:35:07.598-0300 [DEBUG] [org.gradle.cache.internal.DefaultFileLockManager] Lock acquired on daemon addresses registry.
2024-03-17T15:35:07.598-0300 [DEBUG] [org.gradle.cache.internal.DefaultFileLockManager] Releasing lock on daemon addresses registry.
2024-03-17T15:35:17.592-0300 [DEBUG] [org.gradle.cache.internal.DefaultFileLockManager] Waiting to acquire shared lock on daemon addresses registry.
2024-03-17T15:35:17.606-0300 [DEBUG] [org.gradle.cache.internal.DefaultFileLockManager] Lock acquired on daemon addresses registry.
2024-03-17T15:35:17.609-0300 [DEBUG] [org.gradle.cache.internal.DefaultFileLockManager] Releasing lock on daemon addresses registry.
2024-03-17T15:35:17.609-0300 [DEBUG] [org.gradle.cache.internal.DefaultFileLockManager] Waiting to acquire shared lock on daemon addresses registry.
2024-03-17T15:35:17.609-0300 [DEBUG] [org.gradle.cache.internal.DefaultFileLockManager] Lock acquired on daemon addresses registry.
2024-03-17T15:35:17.610-0300 [DEBUG] [org.gradle.cache.internal.DefaultFileLockManager] Releasing lock on daemon addresses registry.
2024-03-17T15:35:17.610-0300 [DEBUG] [org.gradle.cache.internal.DefaultFileLockManager] Waiting to acquire shared lock on daemon addresses registry.
2024-03-17T15:35:17.610-0300 [DEBUG] [org.gradle.cache.internal.DefaultFileLockManager] Lock acquired on daemon addresses registry.
2024-03-17T15:35:17.614-0300 [DEBUG] [org.gradle.cache.internal.DefaultFileLockManager] Releasing lock on daemon addresses registry.
2024-03-17T15:35:27.594-0300 [DEBUG] [org.gradle.cache.internal.DefaultFileLockManager] Waiting to acquire shared lock on daemon addresses registry.
2024-03-17T15:35:27.604-0300 [DEBUG] [org.gradle.cache.internal.DefaultFileLockManager] Lock acquired on daemon addresses registry.
2024-03-17T15:35:27.607-0300 [DEBUG] [org.gradle.cache.internal.DefaultFileLockManager] Releasing lock on daemon addresses registry.
2024-03-17T15:35:27.628-0300 [DEBUG] [org.gradle.cache.internal.DefaultFileLockManager] Waiting to acquire shared lock on daemon addresses registry.
2024-03-17T15:35:27.629-0300 [DEBUG] [org.gradle.cache.internal.DefaultFileLockManager] Lock acquired on daemon addresses registry.
2024-03-17T15:35:27.632-0300 [DEBUG] [org.gradle.cache.internal.DefaultFileLockManager] Releasing lock on daemon addresses registry.
2024-03-17T15:35:28.201-0300 [DEBUG] [org.gradle.cache.internal.DefaultFileLockManager] Waiting to acquire shared lock on daemon addresses registry.
2024-03-17T15:35:28.201-0300 [DEBUG] [org.gradle.cache.internal.DefaultFileLockManager] Lock acquired on daemon addresses registry.
2024-03-17T15:35:28.204-0300 [DEBUG] [org.gradle.cache.internal.DefaultFileLockManager] Releasing lock on daemon addresses registry.
2024-03-17T15:35:28.246-0300 [DEBUG] [org.gradle.launcher.daemon.server.health.LowMemoryDaemonExpirationStrategy] Nearing low physical memory threshold - OS memory {AvailableMemory[physical, total=3806875648, free=484790272], UnavailableMemory[virtual]}
2024-03-17T15:35:28.247-0300 [DEBUG] [org.gradle.cache.internal.DefaultFileLockManager] Waiting to acquire shared lock on daemon addresses registry.
2024-03-17T15:35:28.249-0300 [DEBUG] [org.gradle.cache.internal.DefaultFileLockManager] Lock acquired on daemon addresses registry.
2024-03-17T15:35:28.252-0300 [DEBUG] [org.gradle.cache.internal.DefaultFileLockManager] Releasing lock on daemon addresses registry.
2024-03-17T15:35:28.306-0300 [DEBUG] [org.gradle.launcher.daemon.server.DaemonRegistryUpdater] Storing daemon stop event: other compatible daemons were started and after being idle for 0 minutes and not recently used
2024-03-17T15:35:28.961-0300 [DEBUG] [org.gradle.launcher.daemon.registry.PersistentDaemonRegistry] Storing daemon stop event with timestamp 1710700528316
2024-03-17T15:35:29.013-0300 [DEBUG] [org.gradle.cache.internal.DefaultFileLockManager] Waiting to acquire exclusive lock on daemon addresses registry.
2024-03-17T15:35:29.033-0300 [DEBUG] [org.gradle.cache.internal.DefaultFileLockManager] Lock acquired on daemon addresses registry.
2024-03-17T15:35:29.072-0300 [DEBUG] [org.gradle.cache.internal.DefaultFileLockManager] Releasing lock on daemon addresses registry.
2024-03-17T15:35:29.079-0300 [LIFECYCLE] [org.gradle.launcher.daemon.server.DaemonStateCoordinator] Daemon will be stopped at the end of the build other compatible daemons were started and after being idle for 0 minutes and not recently used
2024-03-17T15:35:29.087-0300 [DEBUG] [org.gradle.launcher.daemon.server.DaemonStateCoordinator] Marking daemon stopped due to other compatible daemons were started and after being idle for 0 minutes and not recently used. The daemon is running a build: false
2024-03-17T15:35:29.106-0300 [DEBUG] [org.gradle.launcher.daemon.server.DaemonStateCoordinator] daemon has stopped.
2024-03-17T15:35:29.108-0300 [DEBUG] [org.gradle.launcher.daemon.server.Daemon] stop() called on daemon
2024-03-17T15:35:29.111-0300 [INFO] [org.gradle.launcher.daemon.server.Daemon] Stop requested. Daemon is removing its presence from the registry...
2024-03-17T15:35:29.184-0300 [DEBUG] [org.gradle.launcher.daemon.server.DaemonRegistryUpdater] Removing our presence to clients, eg. removing this address from the registry: [22d5d58f-dbb5-46f3-9a2f-c7d422ebde91 port:33197, addresses:[localhost/127.0.0.1]]
2024-03-17T15:35:29.184-0300 [DEBUG] [org.gradle.launcher.daemon.registry.PersistentDaemonRegistry] Removing daemon address: [22d5d58f-dbb5-46f3-9a2f-c7d422ebde91 port:33197, addresses:[localhost/127.0.0.1]]
2024-03-17T15:35:29.224-0300 [DEBUG] [org.gradle.cache.internal.DefaultFileLockManager] Waiting to acquire exclusive lock on daemon addresses registry.
2024-03-17T15:35:29.225-0300 [DEBUG] [org.gradle.cache.internal.DefaultFileLockManager] Lock acquired on daemon addresses registry.
2024-03-17T15:35:29.250-0300 [DEBUG] [org.gradle.cache.internal.DefaultFileLockManager] Releasing lock on daemon addresses registry.
2024-03-17T15:35:29.253-0300 [DEBUG] [org.gradle.launcher.daemon.server.DaemonRegistryUpdater] Address removed from registry.
2024-03-17T15:35:29.674-0300 [DEBUG] [org.gradle.cache.internal.DefaultPersistentDirectoryStore] jars (/home/mateusmacedo/projetos/java/Desafio-Transferencia-Contas/gradle/caches/jars-9) has last been fully cleaned up 181 hours ago
2024-03-17T15:35:30.538-0300 [INFO] [org.gradle.cache.internal.AbstractCacheCleanup] jars (/home/mateusmacedo/projetos/java/Desafio-Transferencia-Contas/gradle/caches/jars-9) cleanup deleted 0 files/directories.
2024-03-17T15:35:30.553-0300 [INFO] [org.gradle.cache.internal.LeastRecentlyUsedCacheCleanup] jars (/home/mateusmacedo/projetos/java/Desafio-Transferencia-Contas/gradle/caches/jars-9) removing files not accessed on or after Sun Mar 10 15:32:35 BRT 2024.
2024-03-17T15:35:30.587-0300 [DEBUG] [org.gradle.cache.internal.LockOnDemandCrossProcessCacheAccess] Acquiring file lock for journal cache (/home/mateusmacedo/projetos/java/Desafio-Transferencia-Contas/gradle/caches/journal-1)
2024-03-17T15:35:30.589-0300 [DEBUG] [org.gradle.cache.internal.DefaultFileLockManager] Waiting to acquire exclusive lock on journal cache (/home/mateusmacedo/projetos/java/Desafio-Transferencia-Contas/gradle/caches/journal-1).
2024-03-17T15:35:30.612-0300 [DEBUG] [org.gradle.cache.internal.DefaultFileLockManager] The file lock for journal cache (/home/mateusmacedo/projetos/java/Desafio-Transferencia-Contas/gradle/caches/journal-1) is held by a different Gradle process (pid: 116973, lockId: 3148109340341761565). Pinged owner at port 46512
2024-03-17T15:35:30.620-0300 [DEBUG] [org.gradle.cache.internal.locklistener.DefaultFileLockContentionHandler] Gradle process at port 46512 confirmed unlock request for lock with id 3148109340341761565.
2024-03-17T15:35:30.621-0300 [DEBUG] [org.gradle.cache.internal.locklistener.DefaultFileLockContentionHandler] Gradle process at port 46512 confirmed unlock request for lock with id 3148109340341761565.
2024-03-17T15:35:30.622-0300 [DEBUG] [org.gradle.cache.internal.locklistener.DefaultFileLockContentionHandler] Gradle process at port 46512 confirmed lock release for lock with id 3148109340341761565.
2024-03-17T15:35:30.622-0300 [DEBUG] [org.gradle.cache.internal.locklistener.DefaultFileLockContentionHandler] Triggering lock release signal for lock with id 3148109340341761565.
2024-03-17T15:35:30.622-0300 [DEBUG] [org.gradle.cache.internal.locklistener.DefaultFileLockContentionHandler] Gradle process at port 46512 confirmed lock release for lock with id 3148109340341761565.
2024-03-17T15:35:30.622-0300 [DEBUG] [org.gradle.cache.internal.locklistener.DefaultFileLockContentionHandler] Triggering lock release signal for lock with id 3148109340341761565.
2024-03-17T15:35:30.623-0300 [DEBUG] [org.gradle.cache.internal.DefaultFileLockManager] Lock acquired on journal cache (/home/mateusmacedo/projetos/java/Desafio-Transferencia-Contas/gradle/caches/journal-1).
2024-03-17T15:35:30.625-0300 [INFO] [org.gradle.cache.internal.InMemoryDecoratedCache] Invalidating in-memory cache of /home/mateusmacedo/projetos/java/Desafio-Transferencia-Contas/gradle/caches/journal-1/file-access.bin
2024-03-17T15:35:30.681-0300 [DEBUG] [org.gradle.cache.internal.btree.BTreePersistentIndexedCache] Opening cache file-access.bin (/home/mateusmacedo/projetos/java/Desafio-Transferencia-Contas/gradle/caches/journal-1/file-access.bin)
2024-03-17T15:35:30.978-0300 [INFO] [org.gradle.cache.internal.AbstractCacheCleanup] jars (/home/mateusmacedo/projetos/java/Desafio-Transferencia-Contas/gradle/caches/jars-9) cleanup deleted 14 files/directories.
2024-03-17T15:35:30.994-0300 [INFO] [org.gradle.cache.internal.DefaultPersistentDirectoryStore] jars (/home/mateusmacedo/projetos/java/Desafio-Transferencia-Contas/gradle/caches/jars-9) cleaned up in 1.246 secs.
2024-03-17T15:35:31.019-0300 [DEBUG] [org.gradle.cache.internal.DefaultPersistentDirectoryStore] Artifact transforms cache (/home/mateusmacedo/projetos/java/Desafio-Transferencia-Contas/gradle/caches/transforms-3) has last been fully cleaned up 181 hours ago
2024-03-17T15:35:31.020-0300 [INFO] [org.gradle.cache.internal.LeastRecentlyUsedCacheCleanup] Artifact transforms cache (/home/mateusmacedo/projetos/java/Desafio-Transferencia-Contas/gradle/caches/transforms-3) removing files not accessed on or after Sun Mar 10 15:32:35 BRT 2024.
2024-03-17T15:35:31.021-0300 [INFO] [org.gradle.cache.internal.AbstractCacheCleanup] Artifact transforms cache (/home/mateusmacedo/projetos/java/Desafio-Transferencia-Contas/gradle/caches/transforms-3) cleanup deleted 0 files/directories.
2024-03-17T15:35:31.026-0300 [INFO] [org.gradle.cache.internal.DefaultPersistentDirectoryStore] Artifact transforms cache (/home/mateusmacedo/projetos/java/Desafio-Transferencia-Contas/gradle/caches/transforms-3) cleaned up in 0.001 secs.
2024-03-17T15:35:31.026-0300 [DEBUG] [org.gradle.cache.internal.DefaultCacheCoordinator] Cache Artifact transforms cache (/home/mateusmacedo/projetos/java/Desafio-Transferencia-Contas/gradle/caches/transforms-3) was closed 0 times.
2024-03-17T15:35:31.120-0300 [DEBUG] [org.gradle.internal.watch.vfs.impl.WatchingVirtualFileSystem] Closing VFS, dropping state
2024-03-17T15:35:31.182-0300 [DEBUG] [org.gradle.cache.internal.DefaultCacheCoordinator] Cache Generated Gradle JARs cache (/home/mateusmacedo/projetos/java/Desafio-Transferencia-Contas/gradle/caches/8.5/generated-gradle-jars) was closed 0 times.
2024-03-17T15:35:31.188-0300 [DEBUG] [org.gradle.cache.internal.DefaultPersistentDirectoryStore] artifact cache (/home/mateusmacedo/projetos/java/Desafio-Transferencia-Contas/gradle/caches/modules-2) has last been fully cleaned up 181 hours ago
2024-03-17T15:35:31.194-0300 [INFO] [org.gradle.cache.internal.AbstractCacheCleanup] artifact cache (/home/mateusmacedo/projetos/java/Desafio-Transferencia-Contas/gradle/caches/modules-2) cleanup deleted 0 files/directories.
2024-03-17T15:35:31.198-0300 [DEBUG] [org.gradle.internal.watch.registry.impl.DefaultFileWatcherRegistry] Finished listening to file system change events
2024-03-17T15:35:31.201-0300 [INFO] [org.gradle.cache.internal.AbstractCacheCleanup] artifact cache (/home/mateusmacedo/projetos/java/Desafio-Transferencia-Contas/gradle/caches/modules-2) [subdir: /home/mateusmacedo/projetos/java/Desafio-Transferencia-Contas/gradle/caches/modules-2/resources-2.1] cleanup deleted 0 files/directories.
2024-03-17T15:35:31.202-0300 [INFO] [org.gradle.cache.internal.LeastRecentlyUsedCacheCleanup] artifact cache (/home/mateusmacedo/projetos/java/Desafio-Transferencia-Contas/gradle/caches/modules-2) [subdir: /home/mateusmacedo/projetos/java/Desafio-Transferencia-Contas/gradle/caches/modules-2/resources-2.1] removing files not accessed on or after Fri Feb 16 15:32:35 BRT 2024.
2024-03-17T15:35:31.202-0300 [INFO] [org.gradle.cache.internal.AbstractCacheCleanup] artifact cache (/home/mateusmacedo/projetos/java/Desafio-Transferencia-Contas/gradle/caches/modules-2) [subdir: /home/mateusmacedo/projetos/java/Desafio-Transferencia-Contas/gradle/caches/modules-2/resources-2.1] cleanup deleted 0 files/directories.
2024-03-17T15:35:31.202-0300 [INFO] [org.gradle.cache.internal.AbstractCacheCleanup] artifact cache (/home/mateusmacedo/projetos/java/Desafio-Transferencia-Contas/gradle/caches/modules-2) [subdir: /home/mateusmacedo/projetos/java/Desafio-Transferencia-Contas/gradle/caches/modules-2/files-2.1] cleanup deleted 0 files/directories.
2024-03-17T15:35:31.202-0300 [INFO] [org.gradle.cache.internal.LeastRecentlyUsedCacheCleanup] artifact cache (/home/mateusmacedo/projetos/java/Desafio-Transferencia-Contas/gradle/caches/modules-2) [subdir: /home/mateusmacedo/projetos/java/Desafio-Transferencia-Contas/gradle/caches/modules-2/files-2.1] removing files not accessed on or after Fri Feb 16 15:32:35 BRT 2024.
2024-03-17T15:35:32.399-0300 [INFO] [org.gradle.cache.internal.AbstractCacheCleanup] artifact cache (/home/mateusmacedo/projetos/java/Desafio-Transferencia-Contas/gradle/caches/modules-2) [subdir: /home/mateusmacedo/projetos/java/Desafio-Transferencia-Contas/gradle/caches/modules-2/files-2.1] cleanup deleted 0 files/directories.
2024-03-17T15:35:32.401-0300 [INFO] [org.gradle.cache.internal.AbstractCacheCleanup] artifact cache (/home/mateusmacedo/projetos/java/Desafio-Transferencia-Contas/gradle/caches/modules-2) [subdir: /home/mateusmacedo/projetos/java/Desafio-Transferencia-Contas/gradle/caches/modules-2/metadata-2.106] cleanup deleted 0 files/directories.
2024-03-17T15:35:32.401-0300 [INFO] [org.gradle.cache.internal.DefaultPersistentDirectoryStore] artifact cache (/home/mateusmacedo/projetos/java/Desafio-Transferencia-Contas/gradle/caches/modules-2) cleaned up in 1.209 secs.
2024-03-17T15:35:32.402-0300 [DEBUG] [org.gradle.cache.internal.DefaultCacheCoordinator] Cache artifact cache (/home/mateusmacedo/projetos/java/Desafio-Transferencia-Contas/gradle/caches/modules-2) was closed 14 times.
2024-03-17T15:35:32.403-0300 [DEBUG] [org.gradle.cache.internal.LockOnDemandCrossProcessCacheAccess] Releasing file lock for journal cache (/home/mateusmacedo/projetos/java/Desafio-Transferencia-Contas/gradle/caches/journal-1)
2024-03-17T15:35:32.405-0300 [DEBUG] [org.gradle.cache.internal.btree.BTreePersistentIndexedCache] Closing cache file-access.bin (/home/mateusmacedo/projetos/java/Desafio-Transferencia-Contas/gradle/caches/journal-1/file-access.bin)
2024-03-17T15:35:32.407-0300 [DEBUG] [org.gradle.cache.internal.DefaultFileLockManager] Releasing lock on journal cache (/home/mateusmacedo/projetos/java/Desafio-Transferencia-Contas/gradle/caches/journal-1).
2024-03-17T15:35:32.407-0300 [DEBUG] [org.gradle.cache.internal.DefaultCacheCoordinator] Cache journal cache (/home/mateusmacedo/projetos/java/Desafio-Transferencia-Contas/gradle/caches/journal-1) was closed 14 times.
2024-03-17T15:35:32.498-0300 [DEBUG] [org.gradle.cache.internal.VersionSpecificCacheCleanupAction] Processed version-specific caches at /home/mateusmacedo/projetos/java/Desafio-Transferencia-Contas/gradle/caches for cleanup in 0.069 secs
2024-03-17T15:35:32.582-0300 [DEBUG] [Daemon vm is shutting down... The daemon has exited normally or was terminated in response to a user interrupt.
org.gradle.launcher.daemon.registry.PersistentDaemonRegistry] Removing daemon address: [22d5d58f-dbb5-46f3-9a2f-c7d422ebde91 port:33197, addresses:[localhost/127.0.0.1]]
2024-03-17T15:35:32.584-0300 [DEBUG] [org.gradle.cache.internal.DefaultFileLockManager] Waiting to acquire exclusive lock on daemon addresses registry.
2024-03-17T15:35:32.585-0300 [DEBUG] [org.gradle.cache.internal.DefaultFileLockManager] Lock acquired on daemon addresses registry.
2024-03-17T15:35:32.588-0300 [DEBUG] [org.gradle.cache.internal.DefaultFileLockManager] Releasing lock on daemon addresses registry.
